

Microchip MPLAB XC8 Assembler V2.10 build 88905656 
                                                                                               Tue Apr 20 10:18:18 2021

Microchip MPLAB XC8 C Compiler v2.10 (Free license) build 20190730164152 Og1 
     1                           	processor	18F45K20
     2                           	fnconf	rparam,??,?,0
     3                           	opt	pw 120
     4                           	opt	flic
     5                           	psect	nvCOMRAM,global,class=COMRAM,space=1,delta=1,noexec
     6                           	psect	cinit,global,reloc=2,class=CODE,delta=1
     7                           	psect	cstackCOMRAM,global,class=COMRAM,space=1,delta=1,noexec
     8                           	psect	text0,global,reloc=2,class=CODE,delta=1
     9                           	psect	text1,global,reloc=2,class=CODE,delta=1
    10                           	psect	text2,global,reloc=2,class=CODE,delta=1
    11                           	psect	intcodelo,global,reloc=2,class=CODE,delta=1
    12                           	psect	intcode,global,reloc=2,class=CODE,delta=1
    13                           	psect	intcode_body,global,reloc=2,class=CODE,delta=1
    14                           	psect	intsave_regs,global,class=BIGRAM,space=1,delta=1,noexec
    15                           	psect	rparam,global,class=COMRAM,space=1,delta=1,noexec
    16                           	psect	temp,global,ovrld,common,class=COMRAM,space=1,delta=1
    17  0000                     
    18                           ; Version 2.10
    19                           ; Generated 31/07/2019 GMT
    20                           ; 
    21                           ; Copyright © 2019, Microchip Technology Inc. and its subsidiaries ("Microchip")
    22                           ; All rights reserved.
    23                           ; 
    24                           ; This software is developed by Microchip Technology Inc. and its subsidiaries ("Microch
      +                          ip").
    25                           ; 
    26                           ; Redistribution and use in source and binary forms, with or without modification, are
    27                           ; permitted provided that the following conditions are met:
    28                           ; 
    29                           ;     1. Redistributions of source code must retain the above copyright notice, this lis
      +                          t of
    30                           ;        conditions and the following disclaimer.
    31                           ; 
    32                           ;     2. Redistributions in binary form must reproduce the above copyright notice, this 
      +                          list
    33                           ;        of conditions and the following disclaimer in the documentation and/or other
    34                           ;        materials provided with the distribution.
    35                           ; 
    36                           ;     3. Microchip's name may not be used to endorse or promote products derived from th
      +                          is
    37                           ;        software without specific prior written permission.
    38                           ; 
    39                           ; THIS SOFTWARE IS PROVIDED BY MICROCHIP "AS IS" AND ANY EXPRESS OR IMPLIED WARRANTIES,
    40                           ; INCLUDING, BUT NOT LIMITED TO, THE IMPLIED WARRANTIES OF MERCHANTABILITY AND FITNESS F
      +                          OR
    41                           ; PURPOSE ARE DISCLAIMED.  IN NO EVENT SHALL MICROCHIP BE LIABLE FOR ANY DIRECT, INDIREC
      +                          T,
    42                           ; INCIDENTAL, SPECIAL, EXEMPLARY, OR CONSEQUENTIAL DAMAGES (INCLUDING BUT NOT LIMITED TO
    43                           ; PROCUREMENT OF SUBSTITUTE GOODS OR SERVICES; LOSS OF USE, DATA OR PROFITS; OR BUSINESS
    44                           ; INTERRUPTION) HOWSOEVER CAUSED AND ON ANY THEORY OF LIABILITY, WHETHER IN CONTRACT, ST
      +                          RICT
    45                           ; LIABILITY, OR TORT (INCLUDING NEGLIGENCE OR OTHERWISE) ARISING IN ANY WAY OUT OF THE U
      +                          SE OF
    46                           ; THIS SOFTWARE, EVEN IF ADVISED OF THE POSSIBILITY OF SUCH DAMAGE.
    47                           ; 
    48                           ; 
    49                           ; Code-generator required, PIC18F45K20 Definitions
    50                           ; 
    51                           ; SFR Addresses
    52  0000                     
    53                           	psect	nvCOMRAM
    54  000001                     __pnvCOMRAM:
    55                           	opt callstack 0
    56  000001                     _finger5_prev:
    57                           	opt callstack 0
    58  000001                     	ds	1
    59  000002                     _finger4_prev:
    60                           	opt callstack 0
    61  000002                     	ds	1
    62  000003                     _finger3_prev:
    63                           	opt callstack 0
    64  000003                     	ds	1
    65  000004                     _finger2_prev:
    66                           	opt callstack 0
    67  000004                     	ds	1
    68  000005                     _finger1_prev:
    69                           	opt callstack 0
    70  000005                     	ds	1
    71  0000                     _SPBRG	set	4015
    72  0000                     _SPBRGH	set	4016
    73  0000                     _TRISD	set	3989
    74  0000                     _TRISC	set	3988
    75  0000                     _TRISB	set	3987
    76  0000                     _TXREG	set	4013
    77  0000                     _ADRESH	set	4036
    78  0000                     _TXEN	set	32101
    79  0000                     _SPEN	set	32095
    80  0000                     _BRG16	set	32195
    81  0000                     _BRGH	set	32098
    82  0000                     _SYNC	set	32100
    83  0000                     _IRCF0	set	32412
    84  0000                     _IRCF1	set	32413
    85  0000                     _IRCF2	set	32414
    86  0000                     _ADON	set	32272
    87  0000                     _VCFG0	set	32268
    88  0000                     _VCFG1	set	32269
    89  0000                     _ADCS0	set	32256
    90  0000                     _ADCS1	set	32257
    91  0000                     _ADCS2	set	32258
    92  0000                     _ACQT0	set	32259
    93  0000                     _ACQT1	set	32260
    94  0000                     _ACQT2	set	32261
    95  0000                     _ADFM	set	32263
    96  0000                     _ANS11	set	31739
    97  0000                     _ANS9	set	31737
    98  0000                     _ANS8	set	31736
    99  0000                     _ANS10	set	31738
   100  0000                     _ANS12	set	31740
   101  0000                     _RB4	set	31756
   102  0000                     _RB3	set	31755
   103  0000                     _RB2	set	31754
   104  0000                     _RB1	set	31753
   105  0000                     _TXIF	set	31988
   106  0000                     _GO	set	32273
   107  0000                     _CHS0	set	32274
   108  0000                     _CHS1	set	32275
   109  0000                     _CHS2	set	32276
   110  0000                     _CHS3	set	32277
   111  0000                     _RB0	set	31752
   112                           
   113                           ; #config settings
   114  0000                     
   115                           	psect	cinit
   116  0005E0                     __pcinit:
   117                           	opt callstack 0
   118  0005E0                     start_initialization:
   119                           	opt callstack 0
   120  0005E0                     __initialization:
   121                           	opt callstack 0
   122  0005E0                     end_of_initialization:
   123                           	opt callstack 0
   124  0005E0                     __end_of__initialization:
   125                           	opt callstack 0
   126  0005E0  9009               	bcf	int$flags,0,c	;clear compiler interrupt flag (level 1)
   127  0005E2  9209               	bcf	int$flags,1,c	;clear compiler interrupt flag (level 2)
   128  0005E4  0100               	movlb	0
   129  0005E6  EF15  F000         	goto	_main	;jump to C main() function
   130                           
   131                           	psect	cstackCOMRAM
   132  000006                     __pcstackCOMRAM:
   133                           	opt callstack 0
   134  000006                     ??_low_isr:
   135  000006                     
   136                           ; 1 bytes @ 0x0
   137  000006                     	ds	1
   138  000007                     ??_main:
   139                           
   140                           ; 1 bytes @ 0x1
   141  000007                     	ds	2
   142                           
   143 ;;
   144 ;;Main: autosize = 0, tempsize = 2, incstack = 0, save=0
   145 ;;
   146 ;; *************** function _main *****************
   147 ;; Defined at:
   148 ;;		line 47 in file "main.c"
   149 ;; Parameters:    Size  Location     Type
   150 ;;		None
   151 ;; Auto vars:     Size  Location     Type
   152 ;;		None
   153 ;; Return value:  Size  Location     Type
   154 ;;                  1    wreg      void 
   155 ;; Registers used:
   156 ;;		wreg, status,2, status,0, cstack
   157 ;; Tracked objects:
   158 ;;		On entry : 0/0
   159 ;;		On exit  : 0/0
   160 ;;		Unchanged: 0/0
   161 ;; Data sizes:     COMRAM   BANK0   BANK1   BANK2   BANK3   BANK4   BANK5
   162 ;;      Params:         0       0       0       0       0       0       0
   163 ;;      Locals:         0       0       0       0       0       0       0
   164 ;;      Temps:          2       0       0       0       0       0       0
   165 ;;      Totals:         2       0       0       0       0       0       0
   166 ;;Total ram usage:        2 bytes
   167 ;; Hardware stack levels required when called:    3
   168 ;; This function calls:
   169 ;;		_ConfigureOscillator
   170 ;;		_InitApp
   171 ;; This function is called by:
   172 ;;		Startup code after reset
   173 ;; This function uses a non-reentrant model
   174 ;;
   175                           
   176                           	psect	text0
   177  00002A                     __ptext0:
   178                           	opt callstack 0
   179  00002A                     _main:
   180                           	opt callstack 28
   181  00002A                     
   182                           ;main.c: 50:     ConfigureOscillator();
   183  00002A  ECF7  F002         	call	_ConfigureOscillator	;wreg free
   184  00002E                     
   185                           ;main.c: 53:     InitApp();
   186  00002E  ECCF  F002         	call	_InitApp	;wreg free
   187                           
   188                           ;main.c: 57:     finger1_prev = 1;
   189  000032  0E01               	movlw	1
   190  000034  6E05               	movwf	_finger1_prev^0,c
   191                           
   192                           ;main.c: 58:     finger2_prev = 1;
   193  000036  0E01               	movlw	1
   194  000038  6E04               	movwf	_finger2_prev^0,c
   195                           
   196                           ;main.c: 59:     finger3_prev = 1;
   197  00003A  0E01               	movlw	1
   198  00003C  6E03               	movwf	_finger3_prev^0,c
   199                           
   200                           ;main.c: 60:     finger4_prev = 1;
   201  00003E  0E01               	movlw	1
   202  000040  6E02               	movwf	_finger4_prev^0,c
   203                           
   204                           ;main.c: 61:     finger5_prev = 1;
   205  000042  0E01               	movlw	1
   206  000044  6E01               	movwf	_finger5_prev^0,c
   207  000046                     l57:
   208                           
   209                           ;main.c: 64:    {;main.c: 70:         if (RB0 != finger1_prev){
   210  000046  0E00               	movlw	0
   211  000048  B081               	btfsc	3969,0,c	;volatile
   212  00004A  0E01               	movlw	1
   213  00004C  1805               	xorwf	_finger1_prev^0,w,c
   214  00004E  B4D8               	btfsc	status,2,c
   215  000050  EF2C  F000         	goto	u11
   216  000054  EF2E  F000         	goto	u10
   217  000058                     u11:
   218  000058  EFAB  F000         	goto	l991
   219  00005C                     u10:
   220  00005C                     
   221                           ;main.c: 71:                 CHS3 = 1;
   222  00005C  8AC2               	bsf	4034,5,c	;volatile
   223                           
   224                           ;main.c: 72:                 CHS2 = 1;
   225  00005E  88C2               	bsf	4034,4,c	;volatile
   226                           
   227                           ;main.c: 73:                 CHS1 = 0;
   228  000060  96C2               	bcf	4034,3,c	;volatile
   229                           
   230                           ;main.c: 74:                 CHS0 = 0;
   231  000062  94C2               	bcf	4034,2,c	;volatile
   232                           
   233                           ;main.c: 75:                 GO = 1;
   234  000064  82C2               	bsf	4034,1,c	;volatile
   235  000066                     l59:
   236                           
   237                           ;main.c: 76:                 while(GO == 1){
   238  000066  B2C2               	btfsc	4034,1,c	;volatile
   239  000068  EF38  F000         	goto	u21
   240  00006C  EF3A  F000         	goto	u20
   241  000070                     u21:
   242  000070  EF33  F000         	goto	l59
   243  000074                     u20:
   244  000074                     
   245                           ;main.c: 78:                 if ((ADRESH <= 30) && (ADRESH >=0)){
   246  000074  0E1F               	movlw	31
   247  000076  60C4               	cpfslt	196,c	;volatile
   248  000078  EF40  F000         	goto	u31
   249  00007C  EF42  F000         	goto	u30
   250  000080                     u31:
   251  000080  EF4E  F000         	goto	l965
   252  000084                     u30:
   253  000084  50C4               	movf	196,w,c	;volatile
   254  000086                     l63:
   255                           
   256                           ;main.c: 79:                     while(TXIF == 0){
   257  000086  A89E               	btfss	3998,4,c	;volatile
   258  000088  EF48  F000         	goto	u41
   259  00008C  EF4A  F000         	goto	u40
   260  000090                     u41:
   261  000090  EF43  F000         	goto	l63
   262  000094                     u40:
   263  000094                     
   264                           ;main.c: 81:                     TXREG = 'a';
   265  000094  0E61               	movlw	97
   266  000096  6EAD               	movwf	173,c	;volatile
   267                           
   268                           ;main.c: 82:                 }
   269  000098  EF9F  F000         	goto	l989
   270  00009C                     l965:
   271  00009C  0E3D               	movlw	61
   272  00009E  60C4               	cpfslt	196,c	;volatile
   273  0000A0  EF54  F000         	goto	u51
   274  0000A4  EF56  F000         	goto	u50
   275  0000A8                     u51:
   276  0000A8  EF69  F000         	goto	l973
   277  0000AC                     u50:
   278  0000AC  0E1E               	movlw	30
   279  0000AE  64C4               	cpfsgt	196,c	;volatile
   280  0000B0  EF5C  F000         	goto	u61
   281  0000B4  EF5E  F000         	goto	u60
   282  0000B8                     u61:
   283  0000B8  EF69  F000         	goto	l973
   284  0000BC                     u60:
   285  0000BC                     l68:
   286                           
   287                           ;main.c: 84:                      while(TXIF == 0){
   288  0000BC  A89E               	btfss	3998,4,c	;volatile
   289  0000BE  EF63  F000         	goto	u71
   290  0000C2  EF65  F000         	goto	u70
   291  0000C6                     u71:
   292  0000C6  EF5E  F000         	goto	l68
   293  0000CA                     u70:
   294  0000CA                     
   295                           ;main.c: 86:                      TXREG = 'b';
   296  0000CA  0E62               	movlw	98
   297  0000CC  6EAD               	movwf	173,c	;volatile
   298                           
   299                           ;main.c: 87:                  }
   300  0000CE  EF9F  F000         	goto	l989
   301  0000D2                     l973:
   302  0000D2  0E5B               	movlw	91
   303  0000D4  60C4               	cpfslt	196,c	;volatile
   304  0000D6  EF6F  F000         	goto	u81
   305  0000DA  EF71  F000         	goto	u80
   306  0000DE                     u81:
   307  0000DE  EF84  F000         	goto	l981
   308  0000E2                     u80:
   309  0000E2  0E3C               	movlw	60
   310  0000E4  64C4               	cpfsgt	196,c	;volatile
   311  0000E6  EF77  F000         	goto	u91
   312  0000EA  EF79  F000         	goto	u90
   313  0000EE                     u91:
   314  0000EE  EF84  F000         	goto	l981
   315  0000F2                     u90:
   316  0000F2                     l73:
   317                           
   318                           ;main.c: 89:                      while(TXIF == 0){
   319  0000F2  A89E               	btfss	3998,4,c	;volatile
   320  0000F4  EF7E  F000         	goto	u101
   321  0000F8  EF80  F000         	goto	u100
   322  0000FC                     u101:
   323  0000FC  EF79  F000         	goto	l73
   324  000100                     u100:
   325  000100                     
   326                           ;main.c: 91:                      TXREG = 'c';
   327  000100  0E63               	movlw	99
   328  000102  6EAD               	movwf	173,c	;volatile
   329                           
   330                           ;main.c: 92:                  }
   331  000104  EF9F  F000         	goto	l989
   332  000108                     l981:
   333  000108  0E79               	movlw	121
   334  00010A  60C4               	cpfslt	196,c	;volatile
   335  00010C  EF8A  F000         	goto	u111
   336  000110  EF8C  F000         	goto	u110
   337  000114                     u111:
   338  000114  EF9F  F000         	goto	l71
   339  000118                     u110:
   340  000118  0E5A               	movlw	90
   341  00011A  64C4               	cpfsgt	196,c	;volatile
   342  00011C  EF92  F000         	goto	u121
   343  000120  EF94  F000         	goto	u120
   344  000124                     u121:
   345  000124  EF9F  F000         	goto	l71
   346  000128                     u120:
   347  000128                     l78:
   348                           
   349                           ;main.c: 94:                      while(TXIF == 0){
   350  000128  A89E               	btfss	3998,4,c	;volatile
   351  00012A  EF99  F000         	goto	u131
   352  00012E  EF9B  F000         	goto	u130
   353  000132                     u131:
   354  000132  EF94  F000         	goto	l78
   355  000136                     u130:
   356  000136                     
   357                           ;main.c: 96:                      TXREG = 'd';
   358  000136  0E64               	movlw	100
   359  000138  6EAD               	movwf	173,c	;volatile
   360  00013A  EF9F  F000         	goto	l989
   361  00013E                     l71:
   362  00013E                     l989:
   363                           
   364                           ;main.c: 99:                 _delay((unsigned long)((400)*(8000000/4000.0)));
   365  00013E  0E05               	movlw	5
   366  000140  6E08               	movwf	(??_main+1)^0,c
   367  000142  0E0F               	movlw	15
   368  000144  6E07               	movwf	??_main^0,c
   369  000146  0EF1               	movlw	241
   370  000148                     u667:
   371  000148  2EE8               	decfsz	wreg,f,c
   372  00014A  D7FE               	bra	u667
   373  00014C  2E07               	decfsz	??_main^0,f,c
   374  00014E  D7FC               	bra	u667
   375  000150  2E08               	decfsz	(??_main+1)^0,f,c
   376  000152  D7FA               	bra	u667
   377  000154  F000               	nop	
   378  000156                     l991:
   379                           
   380                           ;main.c: 106:         if(RB1 != finger2_prev){
   381  000156  0E00               	movlw	0
   382  000158  B281               	btfsc	3969,1,c	;volatile
   383  00015A  0E01               	movlw	1
   384  00015C  1804               	xorwf	_finger2_prev^0,w,c
   385  00015E  B4D8               	btfsc	status,2,c
   386  000160  EFB4  F000         	goto	u141
   387  000164  EFB6  F000         	goto	u140
   388  000168                     u141:
   389  000168  EF33  F001         	goto	l1027
   390  00016C                     u140:
   391  00016C                     
   392                           ;main.c: 107:                 CHS3 = 1;
   393  00016C  8AC2               	bsf	4034,5,c	;volatile
   394                           
   395                           ;main.c: 108:                 CHS2 = 0;
   396  00016E  98C2               	bcf	4034,4,c	;volatile
   397                           
   398                           ;main.c: 109:                 CHS1 = 1;
   399  000170  86C2               	bsf	4034,3,c	;volatile
   400                           
   401                           ;main.c: 110:                 CHS0 = 0;
   402  000172  94C2               	bcf	4034,2,c	;volatile
   403                           
   404                           ;main.c: 111:                 GO = 1;
   405  000174  82C2               	bsf	4034,1,c	;volatile
   406  000176                     l82:
   407                           
   408                           ;main.c: 112:                 while(GO == 1){
   409  000176  B2C2               	btfsc	4034,1,c	;volatile
   410  000178  EFC0  F000         	goto	u151
   411  00017C  EFC2  F000         	goto	u150
   412  000180                     u151:
   413  000180  EFBB  F000         	goto	l82
   414  000184                     u150:
   415  000184                     
   416                           ;main.c: 114:                 if ((ADRESH <= 30) && (ADRESH >=0)){
   417  000184  0E1F               	movlw	31
   418  000186  60C4               	cpfslt	196,c	;volatile
   419  000188  EFC8  F000         	goto	u161
   420  00018C  EFCA  F000         	goto	u160
   421  000190                     u161:
   422  000190  EFD6  F000         	goto	l1001
   423  000194                     u160:
   424  000194  50C4               	movf	196,w,c	;volatile
   425  000196                     l86:
   426                           
   427                           ;main.c: 115:                     while(TXIF == 0){
   428  000196  A89E               	btfss	3998,4,c	;volatile
   429  000198  EFD0  F000         	goto	u171
   430  00019C  EFD2  F000         	goto	u170
   431  0001A0                     u171:
   432  0001A0  EFCB  F000         	goto	l86
   433  0001A4                     u170:
   434  0001A4                     
   435                           ;main.c: 117:                     TXREG = 'e';
   436  0001A4  0E65               	movlw	101
   437  0001A6  6EAD               	movwf	173,c	;volatile
   438                           
   439                           ;main.c: 118:                 }
   440  0001A8  EF27  F001         	goto	l1025
   441  0001AC                     l1001:
   442  0001AC  0E3D               	movlw	61
   443  0001AE  60C4               	cpfslt	196,c	;volatile
   444  0001B0  EFDC  F000         	goto	u181
   445  0001B4  EFDE  F000         	goto	u180
   446  0001B8                     u181:
   447  0001B8  EFF1  F000         	goto	l1009
   448  0001BC                     u180:
   449  0001BC  0E1E               	movlw	30
   450  0001BE  64C4               	cpfsgt	196,c	;volatile
   451  0001C0  EFE4  F000         	goto	u191
   452  0001C4  EFE6  F000         	goto	u190
   453  0001C8                     u191:
   454  0001C8  EFF1  F000         	goto	l1009
   455  0001CC                     u190:
   456  0001CC                     l91:
   457                           
   458                           ;main.c: 120:                      while(TXIF == 0){
   459  0001CC  A89E               	btfss	3998,4,c	;volatile
   460  0001CE  EFEB  F000         	goto	u201
   461  0001D2  EFED  F000         	goto	u200
   462  0001D6                     u201:
   463  0001D6  EFE6  F000         	goto	l91
   464  0001DA                     u200:
   465  0001DA                     
   466                           ;main.c: 122:                      TXREG = 'f';
   467  0001DA  0E66               	movlw	102
   468  0001DC  6EAD               	movwf	173,c	;volatile
   469                           
   470                           ;main.c: 123:                  }
   471  0001DE  EF27  F001         	goto	l1025
   472  0001E2                     l1009:
   473  0001E2  0E5B               	movlw	91
   474  0001E4  60C4               	cpfslt	196,c	;volatile
   475  0001E6  EFF7  F000         	goto	u211
   476  0001EA  EFF9  F000         	goto	u210
   477  0001EE                     u211:
   478  0001EE  EF0C  F001         	goto	l1017
   479  0001F2                     u210:
   480  0001F2  0E3C               	movlw	60
   481  0001F4  64C4               	cpfsgt	196,c	;volatile
   482  0001F6  EFFF  F000         	goto	u221
   483  0001FA  EF01  F001         	goto	u220
   484  0001FE                     u221:
   485  0001FE  EF0C  F001         	goto	l1017
   486  000202                     u220:
   487  000202                     l96:
   488                           
   489                           ;main.c: 125:                      while(TXIF == 0){
   490  000202  A89E               	btfss	3998,4,c	;volatile
   491  000204  EF06  F001         	goto	u231
   492  000208  EF08  F001         	goto	u230
   493  00020C                     u231:
   494  00020C  EF01  F001         	goto	l96
   495  000210                     u230:
   496  000210                     
   497                           ;main.c: 127:                      TXREG = 'g';
   498  000210  0E67               	movlw	103
   499  000212  6EAD               	movwf	173,c	;volatile
   500                           
   501                           ;main.c: 128:                  }
   502  000214  EF27  F001         	goto	l1025
   503  000218                     l1017:
   504  000218  0E79               	movlw	121
   505  00021A  60C4               	cpfslt	196,c	;volatile
   506  00021C  EF12  F001         	goto	u241
   507  000220  EF14  F001         	goto	u240
   508  000224                     u241:
   509  000224  EF27  F001         	goto	l94
   510  000228                     u240:
   511  000228  0E5A               	movlw	90
   512  00022A  64C4               	cpfsgt	196,c	;volatile
   513  00022C  EF1A  F001         	goto	u251
   514  000230  EF1C  F001         	goto	u250
   515  000234                     u251:
   516  000234  EF27  F001         	goto	l94
   517  000238                     u250:
   518  000238                     l101:
   519                           
   520                           ;main.c: 130:                      while(TXIF == 0){
   521  000238  A89E               	btfss	3998,4,c	;volatile
   522  00023A  EF21  F001         	goto	u261
   523  00023E  EF23  F001         	goto	u260
   524  000242                     u261:
   525  000242  EF1C  F001         	goto	l101
   526  000246                     u260:
   527  000246                     
   528                           ;main.c: 132:                      TXREG = 'h';
   529  000246  0E68               	movlw	104
   530  000248  6EAD               	movwf	173,c	;volatile
   531  00024A  EF27  F001         	goto	l1025
   532  00024E                     l94:
   533  00024E                     l1025:
   534                           
   535                           ;main.c: 135:                 _delay((unsigned long)((400)*(8000000/4000.0)));
   536  00024E  0E05               	movlw	5
   537  000250  6E08               	movwf	(??_main+1)^0,c
   538  000252  0E0F               	movlw	15
   539  000254  6E07               	movwf	??_main^0,c
   540  000256  0EF1               	movlw	241
   541  000258                     u677:
   542  000258  2EE8               	decfsz	wreg,f,c
   543  00025A  D7FE               	bra	u677
   544  00025C  2E07               	decfsz	??_main^0,f,c
   545  00025E  D7FC               	bra	u677
   546  000260  2E08               	decfsz	(??_main+1)^0,f,c
   547  000262  D7FA               	bra	u677
   548  000264  F000               	nop	
   549  000266                     l1027:
   550                           
   551                           ;main.c: 143:         if(RB2 != finger3_prev){
   552  000266  0E00               	movlw	0
   553  000268  B481               	btfsc	3969,2,c	;volatile
   554  00026A  0E01               	movlw	1
   555  00026C  1803               	xorwf	_finger3_prev^0,w,c
   556  00026E  B4D8               	btfsc	status,2,c
   557  000270  EF3C  F001         	goto	u271
   558  000274  EF3E  F001         	goto	u270
   559  000278                     u271:
   560  000278  EFBB  F001         	goto	l1063
   561  00027C                     u270:
   562  00027C                     
   563                           ;main.c: 144:                 CHS3 = 1;
   564  00027C  8AC2               	bsf	4034,5,c	;volatile
   565                           
   566                           ;main.c: 145:                 CHS2 = 0;
   567  00027E  98C2               	bcf	4034,4,c	;volatile
   568                           
   569                           ;main.c: 146:                 CHS1 = 0;
   570  000280  96C2               	bcf	4034,3,c	;volatile
   571                           
   572                           ;main.c: 147:                 CHS0 = 0;
   573  000282  94C2               	bcf	4034,2,c	;volatile
   574                           
   575                           ;main.c: 148:                 GO = 1;
   576  000284  82C2               	bsf	4034,1,c	;volatile
   577  000286                     l105:
   578                           
   579                           ;main.c: 149:                 while(GO == 1){
   580  000286  B2C2               	btfsc	4034,1,c	;volatile
   581  000288  EF48  F001         	goto	u281
   582  00028C  EF4A  F001         	goto	u280
   583  000290                     u281:
   584  000290  EF43  F001         	goto	l105
   585  000294                     u280:
   586  000294                     
   587                           ;main.c: 151:                 if ((ADRESH <= 30) && (ADRESH >=0)){
   588  000294  0E1F               	movlw	31
   589  000296  60C4               	cpfslt	196,c	;volatile
   590  000298  EF50  F001         	goto	u291
   591  00029C  EF52  F001         	goto	u290
   592  0002A0                     u291:
   593  0002A0  EF5E  F001         	goto	l1037
   594  0002A4                     u290:
   595  0002A4  50C4               	movf	196,w,c	;volatile
   596  0002A6                     l109:
   597                           
   598                           ;main.c: 152:                     while(TXIF == 0){
   599  0002A6  A89E               	btfss	3998,4,c	;volatile
   600  0002A8  EF58  F001         	goto	u301
   601  0002AC  EF5A  F001         	goto	u300
   602  0002B0                     u301:
   603  0002B0  EF53  F001         	goto	l109
   604  0002B4                     u300:
   605  0002B4                     
   606                           ;main.c: 154:                     TXREG = 'i';
   607  0002B4  0E69               	movlw	105
   608  0002B6  6EAD               	movwf	173,c	;volatile
   609                           
   610                           ;main.c: 155:                 }
   611  0002B8  EFAF  F001         	goto	l1061
   612  0002BC                     l1037:
   613  0002BC  0E3D               	movlw	61
   614  0002BE  60C4               	cpfslt	196,c	;volatile
   615  0002C0  EF64  F001         	goto	u311
   616  0002C4  EF66  F001         	goto	u310
   617  0002C8                     u311:
   618  0002C8  EF79  F001         	goto	l1045
   619  0002CC                     u310:
   620  0002CC  0E1E               	movlw	30
   621  0002CE  64C4               	cpfsgt	196,c	;volatile
   622  0002D0  EF6C  F001         	goto	u321
   623  0002D4  EF6E  F001         	goto	u320
   624  0002D8                     u321:
   625  0002D8  EF79  F001         	goto	l1045
   626  0002DC                     u320:
   627  0002DC                     l114:
   628                           
   629                           ;main.c: 157:                      while(TXIF == 0){
   630  0002DC  A89E               	btfss	3998,4,c	;volatile
   631  0002DE  EF73  F001         	goto	u331
   632  0002E2  EF75  F001         	goto	u330
   633  0002E6                     u331:
   634  0002E6  EF6E  F001         	goto	l114
   635  0002EA                     u330:
   636  0002EA                     
   637                           ;main.c: 159:                      TXREG = 'j';
   638  0002EA  0E6A               	movlw	106
   639  0002EC  6EAD               	movwf	173,c	;volatile
   640                           
   641                           ;main.c: 160:                  }
   642  0002EE  EFAF  F001         	goto	l1061
   643  0002F2                     l1045:
   644  0002F2  0E5B               	movlw	91
   645  0002F4  60C4               	cpfslt	196,c	;volatile
   646  0002F6  EF7F  F001         	goto	u341
   647  0002FA  EF81  F001         	goto	u340
   648  0002FE                     u341:
   649  0002FE  EF94  F001         	goto	l1053
   650  000302                     u340:
   651  000302  0E3C               	movlw	60
   652  000304  64C4               	cpfsgt	196,c	;volatile
   653  000306  EF87  F001         	goto	u351
   654  00030A  EF89  F001         	goto	u350
   655  00030E                     u351:
   656  00030E  EF94  F001         	goto	l1053
   657  000312                     u350:
   658  000312                     l119:
   659                           
   660                           ;main.c: 162:                      while(TXIF == 0){
   661  000312  A89E               	btfss	3998,4,c	;volatile
   662  000314  EF8E  F001         	goto	u361
   663  000318  EF90  F001         	goto	u360
   664  00031C                     u361:
   665  00031C  EF89  F001         	goto	l119
   666  000320                     u360:
   667  000320                     
   668                           ;main.c: 164:                      TXREG = 'k';
   669  000320  0E6B               	movlw	107
   670  000322  6EAD               	movwf	173,c	;volatile
   671                           
   672                           ;main.c: 165:                  }
   673  000324  EFAF  F001         	goto	l1061
   674  000328                     l1053:
   675  000328  0E79               	movlw	121
   676  00032A  60C4               	cpfslt	196,c	;volatile
   677  00032C  EF9A  F001         	goto	u371
   678  000330  EF9C  F001         	goto	u370
   679  000334                     u371:
   680  000334  EFAF  F001         	goto	l117
   681  000338                     u370:
   682  000338  0E5A               	movlw	90
   683  00033A  64C4               	cpfsgt	196,c	;volatile
   684  00033C  EFA2  F001         	goto	u381
   685  000340  EFA4  F001         	goto	u380
   686  000344                     u381:
   687  000344  EFAF  F001         	goto	l117
   688  000348                     u380:
   689  000348                     l124:
   690                           
   691                           ;main.c: 167:                      while(TXIF == 0){
   692  000348  A89E               	btfss	3998,4,c	;volatile
   693  00034A  EFA9  F001         	goto	u391
   694  00034E  EFAB  F001         	goto	u390
   695  000352                     u391:
   696  000352  EFA4  F001         	goto	l124
   697  000356                     u390:
   698  000356                     
   699                           ;main.c: 169:                      TXREG = 'l';
   700  000356  0E6C               	movlw	108
   701  000358  6EAD               	movwf	173,c	;volatile
   702  00035A  EFAF  F001         	goto	l1061
   703  00035E                     l117:
   704  00035E                     l1061:
   705                           
   706                           ;main.c: 172:                 _delay((unsigned long)((400)*(8000000/4000.0)));
   707  00035E  0E05               	movlw	5
   708  000360  6E08               	movwf	(??_main+1)^0,c
   709  000362  0E0F               	movlw	15
   710  000364  6E07               	movwf	??_main^0,c
   711  000366  0EF1               	movlw	241
   712  000368                     u687:
   713  000368  2EE8               	decfsz	wreg,f,c
   714  00036A  D7FE               	bra	u687
   715  00036C  2E07               	decfsz	??_main^0,f,c
   716  00036E  D7FC               	bra	u687
   717  000370  2E08               	decfsz	(??_main+1)^0,f,c
   718  000372  D7FA               	bra	u687
   719  000374  F000               	nop	
   720  000376                     l1063:
   721                           
   722                           ;main.c: 181:         if(RB3 != finger4_prev){
   723  000376  0E00               	movlw	0
   724  000378  B681               	btfsc	3969,3,c	;volatile
   725  00037A  0E01               	movlw	1
   726  00037C  1802               	xorwf	_finger4_prev^0,w,c
   727  00037E  B4D8               	btfsc	status,2,c
   728  000380  EFC4  F001         	goto	u401
   729  000384  EFC6  F001         	goto	u400
   730  000388                     u401:
   731  000388  EF43  F002         	goto	l1099
   732  00038C                     u400:
   733  00038C                     
   734                           ;main.c: 182:                 CHS3 = 1;
   735  00038C  8AC2               	bsf	4034,5,c	;volatile
   736                           
   737                           ;main.c: 183:                 CHS2 = 0;
   738  00038E  98C2               	bcf	4034,4,c	;volatile
   739                           
   740                           ;main.c: 184:                 CHS1 = 0;
   741  000390  96C2               	bcf	4034,3,c	;volatile
   742                           
   743                           ;main.c: 185:                 CHS0 = 1;
   744  000392  84C2               	bsf	4034,2,c	;volatile
   745                           
   746                           ;main.c: 186:                 GO = 1;
   747  000394  82C2               	bsf	4034,1,c	;volatile
   748  000396                     l128:
   749                           
   750                           ;main.c: 187:                 while(GO == 1){
   751  000396  B2C2               	btfsc	4034,1,c	;volatile
   752  000398  EFD0  F001         	goto	u411
   753  00039C  EFD2  F001         	goto	u410
   754  0003A0                     u411:
   755  0003A0  EFCB  F001         	goto	l128
   756  0003A4                     u410:
   757  0003A4                     
   758                           ;main.c: 189:                 if ((ADRESH <= 30) && (ADRESH >=0)){
   759  0003A4  0E1F               	movlw	31
   760  0003A6  60C4               	cpfslt	196,c	;volatile
   761  0003A8  EFD8  F001         	goto	u421
   762  0003AC  EFDA  F001         	goto	u420
   763  0003B0                     u421:
   764  0003B0  EFE6  F001         	goto	l1073
   765  0003B4                     u420:
   766  0003B4  50C4               	movf	196,w,c	;volatile
   767  0003B6                     l132:
   768                           
   769                           ;main.c: 190:                     while(TXIF == 0){
   770  0003B6  A89E               	btfss	3998,4,c	;volatile
   771  0003B8  EFE0  F001         	goto	u431
   772  0003BC  EFE2  F001         	goto	u430
   773  0003C0                     u431:
   774  0003C0  EFDB  F001         	goto	l132
   775  0003C4                     u430:
   776  0003C4                     
   777                           ;main.c: 192:                     TXREG = 'm';
   778  0003C4  0E6D               	movlw	109
   779  0003C6  6EAD               	movwf	173,c	;volatile
   780                           
   781                           ;main.c: 193:                 }
   782  0003C8  EF37  F002         	goto	l1097
   783  0003CC                     l1073:
   784  0003CC  0E3D               	movlw	61
   785  0003CE  60C4               	cpfslt	196,c	;volatile
   786  0003D0  EFEC  F001         	goto	u441
   787  0003D4  EFEE  F001         	goto	u440
   788  0003D8                     u441:
   789  0003D8  EF01  F002         	goto	l1081
   790  0003DC                     u440:
   791  0003DC  0E1E               	movlw	30
   792  0003DE  64C4               	cpfsgt	196,c	;volatile
   793  0003E0  EFF4  F001         	goto	u451
   794  0003E4  EFF6  F001         	goto	u450
   795  0003E8                     u451:
   796  0003E8  EF01  F002         	goto	l1081
   797  0003EC                     u450:
   798  0003EC                     l137:
   799                           
   800                           ;main.c: 195:                      while(TXIF == 0){
   801  0003EC  A89E               	btfss	3998,4,c	;volatile
   802  0003EE  EFFB  F001         	goto	u461
   803  0003F2  EFFD  F001         	goto	u460
   804  0003F6                     u461:
   805  0003F6  EFF6  F001         	goto	l137
   806  0003FA                     u460:
   807  0003FA                     
   808                           ;main.c: 197:                      TXREG = 'n';
   809  0003FA  0E6E               	movlw	110
   810  0003FC  6EAD               	movwf	173,c	;volatile
   811                           
   812                           ;main.c: 198:                  }
   813  0003FE  EF37  F002         	goto	l1097
   814  000402                     l1081:
   815  000402  0E5B               	movlw	91
   816  000404  60C4               	cpfslt	196,c	;volatile
   817  000406  EF07  F002         	goto	u471
   818  00040A  EF09  F002         	goto	u470
   819  00040E                     u471:
   820  00040E  EF1C  F002         	goto	l1089
   821  000412                     u470:
   822  000412  0E3C               	movlw	60
   823  000414  64C4               	cpfsgt	196,c	;volatile
   824  000416  EF0F  F002         	goto	u481
   825  00041A  EF11  F002         	goto	u480
   826  00041E                     u481:
   827  00041E  EF1C  F002         	goto	l1089
   828  000422                     u480:
   829  000422                     l142:
   830                           
   831                           ;main.c: 200:                      while(TXIF == 0){
   832  000422  A89E               	btfss	3998,4,c	;volatile
   833  000424  EF16  F002         	goto	u491
   834  000428  EF18  F002         	goto	u490
   835  00042C                     u491:
   836  00042C  EF11  F002         	goto	l142
   837  000430                     u490:
   838  000430                     
   839                           ;main.c: 202:                      TXREG = 'o';
   840  000430  0E6F               	movlw	111
   841  000432  6EAD               	movwf	173,c	;volatile
   842                           
   843                           ;main.c: 203:                  }
   844  000434  EF37  F002         	goto	l1097
   845  000438                     l1089:
   846  000438  0E79               	movlw	121
   847  00043A  60C4               	cpfslt	196,c	;volatile
   848  00043C  EF22  F002         	goto	u501
   849  000440  EF24  F002         	goto	u500
   850  000444                     u501:
   851  000444  EF37  F002         	goto	l140
   852  000448                     u500:
   853  000448  0E5A               	movlw	90
   854  00044A  64C4               	cpfsgt	196,c	;volatile
   855  00044C  EF2A  F002         	goto	u511
   856  000450  EF2C  F002         	goto	u510
   857  000454                     u511:
   858  000454  EF37  F002         	goto	l140
   859  000458                     u510:
   860  000458                     l147:
   861                           
   862                           ;main.c: 205:                      while(TXIF == 0){
   863  000458  A89E               	btfss	3998,4,c	;volatile
   864  00045A  EF31  F002         	goto	u521
   865  00045E  EF33  F002         	goto	u520
   866  000462                     u521:
   867  000462  EF2C  F002         	goto	l147
   868  000466                     u520:
   869  000466                     
   870                           ;main.c: 207:                      TXREG = 'p';
   871  000466  0E70               	movlw	112
   872  000468  6EAD               	movwf	173,c	;volatile
   873  00046A  EF37  F002         	goto	l1097
   874  00046E                     l140:
   875  00046E                     l1097:
   876                           
   877                           ;main.c: 210:                 _delay((unsigned long)((400)*(8000000/4000.0)));
   878  00046E  0E05               	movlw	5
   879  000470  6E08               	movwf	(??_main+1)^0,c
   880  000472  0E0F               	movlw	15
   881  000474  6E07               	movwf	??_main^0,c
   882  000476  0EF1               	movlw	241
   883  000478                     u697:
   884  000478  2EE8               	decfsz	wreg,f,c
   885  00047A  D7FE               	bra	u697
   886  00047C  2E07               	decfsz	??_main^0,f,c
   887  00047E  D7FC               	bra	u697
   888  000480  2E08               	decfsz	(??_main+1)^0,f,c
   889  000482  D7FA               	bra	u697
   890  000484  F000               	nop	
   891  000486                     l1099:
   892                           
   893                           ;main.c: 219:         if(RB4 != finger5_prev){
   894  000486  0E00               	movlw	0
   895  000488  B881               	btfsc	3969,4,c	;volatile
   896  00048A  0E01               	movlw	1
   897  00048C  1801               	xorwf	_finger5_prev^0,w,c
   898  00048E  B4D8               	btfsc	status,2,c
   899  000490  EF4C  F002         	goto	u531
   900  000494  EF4E  F002         	goto	u530
   901  000498                     u531:
   902  000498  EF23  F000         	goto	l57
   903  00049C                     u530:
   904  00049C                     
   905                           ;main.c: 220:                 CHS3 = 1;
   906  00049C  8AC2               	bsf	4034,5,c	;volatile
   907                           
   908                           ;main.c: 221:                 CHS2 = 0;
   909  00049E  98C2               	bcf	4034,4,c	;volatile
   910                           
   911                           ;main.c: 222:                 CHS1 = 1;
   912  0004A0  86C2               	bsf	4034,3,c	;volatile
   913                           
   914                           ;main.c: 223:                 CHS0 = 1;
   915  0004A2  84C2               	bsf	4034,2,c	;volatile
   916                           
   917                           ;main.c: 224:                 GO = 1;
   918  0004A4  82C2               	bsf	4034,1,c	;volatile
   919  0004A6                     l151:
   920                           
   921                           ;main.c: 225:                 while(GO == 1){
   922  0004A6  B2C2               	btfsc	4034,1,c	;volatile
   923  0004A8  EF58  F002         	goto	u541
   924  0004AC  EF5A  F002         	goto	u540
   925  0004B0                     u541:
   926  0004B0  EF53  F002         	goto	l151
   927  0004B4                     u540:
   928  0004B4                     
   929                           ;main.c: 227:                 if ((ADRESH <= 30) && (ADRESH >=0)){
   930  0004B4  0E1F               	movlw	31
   931  0004B6  60C4               	cpfslt	196,c	;volatile
   932  0004B8  EF60  F002         	goto	u551
   933  0004BC  EF62  F002         	goto	u550
   934  0004C0                     u551:
   935  0004C0  EF6E  F002         	goto	l1109
   936  0004C4                     u550:
   937  0004C4  50C4               	movf	196,w,c	;volatile
   938  0004C6                     l155:
   939                           
   940                           ;main.c: 228:                     while(TXIF == 0){
   941  0004C6  A89E               	btfss	3998,4,c	;volatile
   942  0004C8  EF68  F002         	goto	u561
   943  0004CC  EF6A  F002         	goto	u560
   944  0004D0                     u561:
   945  0004D0  EF63  F002         	goto	l155
   946  0004D4                     u560:
   947  0004D4                     
   948                           ;main.c: 230:                     TXREG = 'q';
   949  0004D4  0E71               	movlw	113
   950  0004D6  6EAD               	movwf	173,c	;volatile
   951                           
   952                           ;main.c: 231:                 }
   953  0004D8  EFBF  F002         	goto	l1133
   954  0004DC                     l1109:
   955  0004DC  0E3D               	movlw	61
   956  0004DE  60C4               	cpfslt	196,c	;volatile
   957  0004E0  EF74  F002         	goto	u571
   958  0004E4  EF76  F002         	goto	u570
   959  0004E8                     u571:
   960  0004E8  EF89  F002         	goto	l1117
   961  0004EC                     u570:
   962  0004EC  0E1E               	movlw	30
   963  0004EE  64C4               	cpfsgt	196,c	;volatile
   964  0004F0  EF7C  F002         	goto	u581
   965  0004F4  EF7E  F002         	goto	u580
   966  0004F8                     u581:
   967  0004F8  EF89  F002         	goto	l1117
   968  0004FC                     u580:
   969  0004FC                     l160:
   970                           
   971                           ;main.c: 233:                      while(TXIF == 0){
   972  0004FC  A89E               	btfss	3998,4,c	;volatile
   973  0004FE  EF83  F002         	goto	u591
   974  000502  EF85  F002         	goto	u590
   975  000506                     u591:
   976  000506  EF7E  F002         	goto	l160
   977  00050A                     u590:
   978  00050A                     
   979                           ;main.c: 235:                      TXREG = 'r';
   980  00050A  0E72               	movlw	114
   981  00050C  6EAD               	movwf	173,c	;volatile
   982                           
   983                           ;main.c: 236:                  }
   984  00050E  EFBF  F002         	goto	l1133
   985  000512                     l1117:
   986  000512  0E5B               	movlw	91
   987  000514  60C4               	cpfslt	196,c	;volatile
   988  000516  EF8F  F002         	goto	u601
   989  00051A  EF91  F002         	goto	u600
   990  00051E                     u601:
   991  00051E  EFA4  F002         	goto	l1125
   992  000522                     u600:
   993  000522  0E3C               	movlw	60
   994  000524  64C4               	cpfsgt	196,c	;volatile
   995  000526  EF97  F002         	goto	u611
   996  00052A  EF99  F002         	goto	u610
   997  00052E                     u611:
   998  00052E  EFA4  F002         	goto	l1125
   999  000532                     u610:
  1000  000532                     l165:
  1001                           
  1002                           ;main.c: 238:                      while(TXIF == 0){
  1003  000532  A89E               	btfss	3998,4,c	;volatile
  1004  000534  EF9E  F002         	goto	u621
  1005  000538  EFA0  F002         	goto	u620
  1006  00053C                     u621:
  1007  00053C  EF99  F002         	goto	l165
  1008  000540                     u620:
  1009  000540                     
  1010                           ;main.c: 240:                      TXREG = 's';
  1011  000540  0E73               	movlw	115
  1012  000542  6EAD               	movwf	173,c	;volatile
  1013                           
  1014                           ;main.c: 241:                  }
  1015  000544  EFBF  F002         	goto	l1133
  1016  000548                     l1125:
  1017  000548  0E79               	movlw	121
  1018  00054A  60C4               	cpfslt	196,c	;volatile
  1019  00054C  EFAA  F002         	goto	u631
  1020  000550  EFAC  F002         	goto	u630
  1021  000554                     u631:
  1022  000554  EFBF  F002         	goto	l163
  1023  000558                     u630:
  1024  000558  0E5A               	movlw	90
  1025  00055A  64C4               	cpfsgt	196,c	;volatile
  1026  00055C  EFB2  F002         	goto	u641
  1027  000560  EFB4  F002         	goto	u640
  1028  000564                     u641:
  1029  000564  EFBF  F002         	goto	l163
  1030  000568                     u640:
  1031  000568                     l170:
  1032                           
  1033                           ;main.c: 243:                      while(TXIF == 0){
  1034  000568  A89E               	btfss	3998,4,c	;volatile
  1035  00056A  EFB9  F002         	goto	u651
  1036  00056E  EFBB  F002         	goto	u650
  1037  000572                     u651:
  1038  000572  EFB4  F002         	goto	l170
  1039  000576                     u650:
  1040  000576                     
  1041                           ;main.c: 245:                      TXREG = 't';
  1042  000576  0E74               	movlw	116
  1043  000578  6EAD               	movwf	173,c	;volatile
  1044  00057A  EFBF  F002         	goto	l1133
  1045  00057E                     l163:
  1046  00057E                     l1133:
  1047                           
  1048                           ;main.c: 247:                 _delay((unsigned long)((400)*(8000000/4000.0)));
  1049  00057E  0E05               	movlw	5
  1050  000580  6E08               	movwf	(??_main+1)^0,c
  1051  000582  0E0F               	movlw	15
  1052  000584  6E07               	movwf	??_main^0,c
  1053  000586  0EF1               	movlw	241
  1054  000588                     u707:
  1055  000588  2EE8               	decfsz	wreg,f,c
  1056  00058A  D7FE               	bra	u707
  1057  00058C  2E07               	decfsz	??_main^0,f,c
  1058  00058E  D7FC               	bra	u707
  1059  000590  2E08               	decfsz	(??_main+1)^0,f,c
  1060  000592  D7FA               	bra	u707
  1061  000594  F000               	nop	
  1062  000596  EF23  F000         	goto	l57
  1063  00059A  EF13  F000         	goto	start
  1064  00059E                     __end_of_main:
  1065                           	opt callstack 0
  1066                           
  1067 ;; *************** function _InitApp *****************
  1068 ;; Defined at:
  1069 ;;		line 37 in file "user.c"
  1070 ;; Parameters:    Size  Location     Type
  1071 ;;		None
  1072 ;; Auto vars:     Size  Location     Type
  1073 ;;		None
  1074 ;; Return value:  Size  Location     Type
  1075 ;;                  1    wreg      void 
  1076 ;; Registers used:
  1077 ;;		wreg, status,2
  1078 ;; Tracked objects:
  1079 ;;		On entry : 0/0
  1080 ;;		On exit  : 0/0
  1081 ;;		Unchanged: 0/0
  1082 ;; Data sizes:     COMRAM   BANK0   BANK1   BANK2   BANK3   BANK4   BANK5
  1083 ;;      Params:         0       0       0       0       0       0       0
  1084 ;;      Locals:         0       0       0       0       0       0       0
  1085 ;;      Temps:          0       0       0       0       0       0       0
  1086 ;;      Totals:         0       0       0       0       0       0       0
  1087 ;;Total ram usage:        0 bytes
  1088 ;; Hardware stack levels used:    1
  1089 ;; Hardware stack levels required when called:    2
  1090 ;; This function calls:
  1091 ;;		Nothing
  1092 ;; This function is called by:
  1093 ;;		_main
  1094 ;; This function uses a non-reentrant model
  1095 ;;
  1096                           
  1097                           	psect	text1
  1098  00059E                     __ptext1:
  1099                           	opt callstack 0
  1100  00059E                     _InitApp:
  1101                           	opt callstack 28
  1102  00059E                     
  1103                           ;user.c: 40:     ANS12 = 1;
  1104  00059E  887F               	bsf	3967,4,c	;volatile
  1105                           
  1106                           ;user.c: 41:     ANS10 = 1;
  1107  0005A0  847F               	bsf	3967,2,c	;volatile
  1108                           
  1109                           ;user.c: 42:     ANS8 = 1;
  1110  0005A2  807F               	bsf	3967,0,c	;volatile
  1111                           
  1112                           ;user.c: 43:     ANS9 = 1;
  1113  0005A4  827F               	bsf	3967,1,c	;volatile
  1114                           
  1115                           ;user.c: 44:     ANS11 = 1;
  1116  0005A6  867F               	bsf	3967,3,c	;volatile
  1117                           
  1118                           ;user.c: 45:     TRISB = 0xFF;
  1119  0005A8  6893               	setf	147,c	;volatile
  1120  0005AA                     
  1121                           ;user.c: 46:     TRISC = 0x00;
  1122  0005AA  0E00               	movlw	0
  1123  0005AC  6E94               	movwf	148,c	;volatile
  1124                           
  1125                           ;user.c: 47:     TRISD = 0x00;
  1126  0005AE  0E00               	movlw	0
  1127  0005B0  6E95               	movwf	149,c	;volatile
  1128  0005B2                     
  1129                           ;user.c: 49:     ADFM = 0;
  1130  0005B2  9EC0               	bcf	4032,7,c	;volatile
  1131  0005B4                     
  1132                           ;user.c: 50:     ACQT2 = 1;
  1133  0005B4  8AC0               	bsf	4032,5,c	;volatile
  1134  0005B6                     
  1135                           ;user.c: 51:     ACQT1 = 0;
  1136  0005B6  98C0               	bcf	4032,4,c	;volatile
  1137  0005B8                     
  1138                           ;user.c: 52:     ACQT0 = 1;
  1139  0005B8  86C0               	bsf	4032,3,c	;volatile
  1140  0005BA                     
  1141                           ;user.c: 53:     ADCS2 = 0;
  1142  0005BA  94C0               	bcf	4032,2,c	;volatile
  1143  0005BC                     
  1144                           ;user.c: 54:     ADCS1 = 1;
  1145  0005BC  82C0               	bsf	4032,1,c	;volatile
  1146  0005BE                     
  1147                           ;user.c: 55:     ADCS0 = 1;
  1148  0005BE  80C0               	bsf	4032,0,c	;volatile
  1149  0005C0                     
  1150                           ;user.c: 56:     VCFG1 = 0;
  1151  0005C0  9AC1               	bcf	4033,5,c	;volatile
  1152  0005C2                     
  1153                           ;user.c: 57:     VCFG0 = 0;
  1154  0005C2  98C1               	bcf	4033,4,c	;volatile
  1155  0005C4                     
  1156                           ;user.c: 58:     ADON = 1;
  1157  0005C4  80C2               	bsf	4034,0,c	;volatile
  1158  0005C6                     
  1159                           ;user.c: 60:     IRCF2 = 1;
  1160  0005C6  8CD3               	bsf	4051,6,c	;volatile
  1161  0005C8                     
  1162                           ;user.c: 61:     IRCF1 = 1;
  1163  0005C8  8AD3               	bsf	4051,5,c	;volatile
  1164  0005CA                     
  1165                           ;user.c: 62:     IRCF0 = 0;
  1166  0005CA  98D3               	bcf	4051,4,c	;volatile
  1167  0005CC                     
  1168                           ;user.c: 63:     SYNC = 0;
  1169  0005CC  98AC               	bcf	4012,4,c	;volatile
  1170  0005CE                     
  1171                           ;user.c: 64:     BRGH = 1;
  1172  0005CE  84AC               	bsf	4012,2,c	;volatile
  1173  0005D0                     
  1174                           ;user.c: 65:     BRG16 = 0;
  1175  0005D0  96B8               	bcf	4024,3,c	;volatile
  1176                           
  1177                           ;user.c: 66:     SPBRGH = 0x00;
  1178  0005D2  0E00               	movlw	0
  1179  0005D4  6EB0               	movwf	176,c	;volatile
  1180                           
  1181                           ;user.c: 67:     SPBRG = 0x33;
  1182  0005D6  0E33               	movlw	51
  1183  0005D8  6EAF               	movwf	175,c	;volatile
  1184  0005DA                     
  1185                           ;user.c: 68:     SPEN = 1;
  1186  0005DA  8EAB               	bsf	4011,7,c	;volatile
  1187  0005DC                     
  1188                           ;user.c: 69:     TXEN = 1;
  1189  0005DC  8AAC               	bsf	4012,5,c	;volatile
  1190  0005DE  0012               	return		;funcret
  1191  0005E0                     __end_of_InitApp:
  1192                           	opt callstack 0
  1193                           
  1194 ;; *************** function _ConfigureOscillator *****************
  1195 ;; Defined at:
  1196 ;;		line 24 in file "system.c"
  1197 ;; Parameters:    Size  Location     Type
  1198 ;;		None
  1199 ;; Auto vars:     Size  Location     Type
  1200 ;;		None
  1201 ;; Return value:  Size  Location     Type
  1202 ;;                  1    wreg      void 
  1203 ;; Registers used:
  1204 ;;		None
  1205 ;; Tracked objects:
  1206 ;;		On entry : 0/0
  1207 ;;		On exit  : 0/0
  1208 ;;		Unchanged: 0/0
  1209 ;; Data sizes:     COMRAM   BANK0   BANK1   BANK2   BANK3   BANK4   BANK5
  1210 ;;      Params:         0       0       0       0       0       0       0
  1211 ;;      Locals:         0       0       0       0       0       0       0
  1212 ;;      Temps:          0       0       0       0       0       0       0
  1213 ;;      Totals:         0       0       0       0       0       0       0
  1214 ;;Total ram usage:        0 bytes
  1215 ;; Hardware stack levels used:    1
  1216 ;; Hardware stack levels required when called:    2
  1217 ;; This function calls:
  1218 ;;		Nothing
  1219 ;; This function is called by:
  1220 ;;		_main
  1221 ;; This function uses a non-reentrant model
  1222 ;;
  1223                           
  1224                           	psect	text2
  1225  0005EE                     __ptext2:
  1226                           	opt callstack 0
  1227  0005EE                     _ConfigureOscillator:
  1228                           	opt callstack 28
  1229  0005EE  0012               	return		;funcret
  1230  0005F0                     __end_of_ConfigureOscillator:
  1231                           	opt callstack 0
  1232                           
  1233 ;; *************** function _low_isr *****************
  1234 ;; Defined at:
  1235 ;;		line 67 in file "interrupts.c"
  1236 ;; Parameters:    Size  Location     Type
  1237 ;;		None
  1238 ;; Auto vars:     Size  Location     Type
  1239 ;;		None
  1240 ;; Return value:  Size  Location     Type
  1241 ;;                  1    wreg      void 
  1242 ;; Registers used:
  1243 ;;		None
  1244 ;; Tracked objects:
  1245 ;;		On entry : 0/0
  1246 ;;		On exit  : 0/0
  1247 ;;		Unchanged: 0/0
  1248 ;; Data sizes:     COMRAM   BANK0   BANK1   BANK2   BANK3   BANK4   BANK5
  1249 ;;      Params:         0       0       0       0       0       0       0
  1250 ;;      Locals:         0       0       0       0       0       0       0
  1251 ;;      Temps:          1       0       0       0       0       0       0
  1252 ;;      Totals:         1       0       0       0       0       0       0
  1253 ;;Total ram usage:        1 bytes
  1254 ;; Hardware stack levels used:    1
  1255 ;; Hardware stack levels required when called:    1
  1256 ;; This function calls:
  1257 ;;		Nothing
  1258 ;; This function is called by:
  1259 ;;		Interrupt level 1
  1260 ;; This function uses a non-reentrant model
  1261 ;;
  1262                           
  1263                           	psect	intcodelo
  1264  000018                     __pintcodelo:
  1265                           	opt callstack 0
  1266  000018                     _low_isr:
  1267                           	opt callstack 28
  1268                           
  1269                           ;incstack = 0
  1270  000018  8009               	bsf	int$flags,0,c	;set compiler interrupt flag (level 1)
  1271  00001A  CFE0 F006          	movff	bsr,??_low_isr
  1272  00001E  C006  FFE0         	movff	??_low_isr,bsr
  1273  000022  9009               	bcf	int$flags,0,c	;clear compiler interrupt flag (level 1)
  1274  000024  0010               	retfie	
  1275  000026                     __end_of_low_isr:
  1276                           	opt callstack 0
  1277                           
  1278 ;; *************** function _high_isr *****************
  1279 ;; Defined at:
  1280 ;;		line 27 in file "interrupts.c"
  1281 ;; Parameters:    Size  Location     Type
  1282 ;;		None
  1283 ;; Auto vars:     Size  Location     Type
  1284 ;;		None
  1285 ;; Return value:  Size  Location     Type
  1286 ;;                  1    wreg      void 
  1287 ;; Registers used:
  1288 ;;		None
  1289 ;; Tracked objects:
  1290 ;;		On entry : 0/0
  1291 ;;		On exit  : 0/0
  1292 ;;		Unchanged: 0/0
  1293 ;; Data sizes:     COMRAM   BANK0   BANK1   BANK2   BANK3   BANK4   BANK5
  1294 ;;      Params:         0       0       0       0       0       0       0
  1295 ;;      Locals:         0       0       0       0       0       0       0
  1296 ;;      Temps:          0       0       0       0       0       0       0
  1297 ;;      Totals:         0       0       0       0       0       0       0
  1298 ;;Total ram usage:        0 bytes
  1299 ;; Hardware stack levels used:    1
  1300 ;; This function calls:
  1301 ;;		Nothing
  1302 ;; This function is called by:
  1303 ;;		Interrupt level 2
  1304 ;; This function uses a non-reentrant model
  1305 ;;
  1306                           
  1307                           	psect	intcode
  1308  000008                     __pintcode:
  1309                           	opt callstack 0
  1310  000008                     _high_isr:
  1311                           	opt callstack 28
  1312                           
  1313                           ;incstack = 0
  1314  000008  8209               	bsf	int$flags,1,c	;set compiler interrupt flag (level 2)
  1315  00000A  EFF5  F002         	goto	int_func
  1316                           
  1317                           	psect	intcode_body
  1318  0005EA                     __pintcode_body:
  1319                           	opt callstack 28
  1320  0005EA                     int_func:
  1321                           	opt callstack 28
  1322  0005EA  9209               	bcf	int$flags,1,c	;clear compiler interrupt flag (level 2)
  1323  0005EC  0011               	retfie		f
  1324  0005EE                     __end_of_high_isr:
  1325                           	opt callstack 0
  1326  0000                     
  1327                           	psect	rparam
  1328  0000                     
  1329                           	psect	temp
  1330  000009                     btemp:
  1331                           	opt callstack 0
  1332  000009                     	ds	1
  1333  0000                     int$flags	set	btemp
  1334  0000                     wtemp8	set	btemp+1
  1335  0000                     ttemp5	set	btemp+1
  1336  0000                     ttemp6	set	btemp+4
  1337  0000                     ttemp7	set	btemp+8
  1338                           tosu	equ	0xFFF
  1339                           tosh	equ	0xFFE
  1340                           tosl	equ	0xFFD
  1341                           stkptr	equ	0xFFC
  1342                           pclatu	equ	0xFFB
  1343                           pclath	equ	0xFFA
  1344                           pcl	equ	0xFF9
  1345                           tblptru	equ	0xFF8
  1346                           tblptrh	equ	0xFF7
  1347                           tblptrl	equ	0xFF6
  1348                           tablat	equ	0xFF5
  1349                           prodh	equ	0xFF4
  1350                           prodl	equ	0xFF3
  1351                           indf0	equ	0xFEF
  1352                           postinc0	equ	0xFEE
  1353                           postdec0	equ	0xFED
  1354                           preinc0	equ	0xFEC
  1355                           plusw0	equ	0xFEB
  1356                           fsr0h	equ	0xFEA
  1357                           fsr0l	equ	0xFE9
  1358                           wreg	equ	0xFE8
  1359                           indf1	equ	0xFE7
  1360                           postinc1	equ	0xFE6
  1361                           postdec1	equ	0xFE5
  1362                           preinc1	equ	0xFE4
  1363                           plusw1	equ	0xFE3
  1364                           fsr1h	equ	0xFE2
  1365                           fsr1l	equ	0xFE1
  1366                           bsr	equ	0xFE0
  1367                           indf2	equ	0xFDF
  1368                           postinc2	equ	0xFDE
  1369                           postdec2	equ	0xFDD
  1370                           preinc2	equ	0xFDC
  1371                           plusw2	equ	0xFDB
  1372                           fsr2h	equ	0xFDA
  1373                           fsr2l	equ	0xFD9
  1374                           status	equ	0xFD8


Data Sizes:
    Strings     0
    Constant    0
    Data        0
    BSS         0
    Persistent  5
    Stack       0

Auto Spaces:
    Space          Size  Autos    Used
    COMRAM           94      3       8
    BANK0           160      0       0
    BANK1           256      0       0
    BANK2           256      0       0
    BANK3           256      0       0
    BANK4           256      0       0
    BANK5           256      0       0

Pointer List with Targets:

    None.

Critical Paths under _main in COMRAM

    None.

Critical Paths under _low_isr in COMRAM

    None.

Critical Paths under _high_isr in COMRAM

    None.

Critical Paths under _main in BANK0

    None.

Critical Paths under _low_isr in BANK0

    None.

Critical Paths under _high_isr in BANK0

    None.

Critical Paths under _main in BANK1

    None.

Critical Paths under _low_isr in BANK1

    None.

Critical Paths under _high_isr in BANK1

    None.

Critical Paths under _main in BANK2

    None.

Critical Paths under _low_isr in BANK2

    None.

Critical Paths under _high_isr in BANK2

    None.

Critical Paths under _main in BANK3

    None.

Critical Paths under _low_isr in BANK3

    None.

Critical Paths under _high_isr in BANK3

    None.

Critical Paths under _main in BANK4

    None.

Critical Paths under _low_isr in BANK4

    None.

Critical Paths under _high_isr in BANK4

    None.

Critical Paths under _main in BANK5

    None.

Critical Paths under _low_isr in BANK5

    None.

Critical Paths under _high_isr in BANK5

    None.

Call Graph Tables:

 ---------------------------------------------------------------------------------
 (Depth) Function   	        Calls       Base Space   Used Autos Params    Refs
 ---------------------------------------------------------------------------------
 (0) _main                                                 2     2      0       0
                                              1 COMRAM     2     2      0
                _ConfigureOscillator
                            _InitApp
 ---------------------------------------------------------------------------------
 (1) _InitApp                                              0     0      0       0
 ---------------------------------------------------------------------------------
 (1) _ConfigureOscillator                                  0     0      0       0
 ---------------------------------------------------------------------------------
 Estimated maximum stack depth 1
 ---------------------------------------------------------------------------------
 (Depth) Function   	        Calls       Base Space   Used Autos Params    Refs
 ---------------------------------------------------------------------------------
 (2) _low_isr                                              1     1      0       0
                                              0 COMRAM     1     1      0
 ---------------------------------------------------------------------------------
 Estimated maximum stack depth 2
 ---------------------------------------------------------------------------------
 (Depth) Function   	        Calls       Base Space   Used Autos Params    Refs
 ---------------------------------------------------------------------------------
 (3) _high_isr                                             0     0      0       0
 ---------------------------------------------------------------------------------
 Estimated maximum stack depth 3
 ---------------------------------------------------------------------------------

 Call Graph Graphs:

 _main (ROOT)
   _ConfigureOscillator
   _InitApp

 _low_isr (ROOT)

 _high_isr (ROOT)

 Address spaces:
Name               Size   Autos  Total    Cost      Usage
BITCOMRAM           5E      0       0       0        0.0%
EEDATA             100      0       0       0        0.0%
NULL                 0      0       0       0        0.0%
CODE                 0      0       0       0        0.0%
COMRAM              5E      3       8       1        8.5%
STACK                0      0       0       2        0.0%
DATA                 0      0       8       3        0.0%
BITBANK0            A0      0       0       4        0.0%
BANK0               A0      0       0       5        0.0%
BITBANK1           100      0       0       6        0.0%
BANK1              100      0       0       7        0.0%
BITBANK2           100      0       0       8        0.0%
BANK2              100      0       0       9        0.0%
BITBANK3           100      0       0      10        0.0%
BANK3              100      0       0      11        0.0%
BITBANK4           100      0       0      12        0.0%
BANK4              100      0       0      13        0.0%
BANK5              100      0       0      14        0.0%
ABS                  0      0       8      15        0.0%
BITBANK5           100      0       0      16        0.0%
BIGRAM             5FF      0       0      17        0.0%
BITSFR               0      0       0     200        0.0%
SFR                  0      0       0     200        0.0%


Microchip Technology PIC18 Macro Assembler V2.10 build 88905656 
Symbol Table                                                                                   Tue Apr 20 10:18:18 2021

                          l71 013E                            l63 0086                            l73 00F2  
                          l57 0046                            l82 0176                            l91 01CC  
                          l59 0066                            l68 00BC                            l94 024E  
                          l86 0196                            l78 0128                            l96 0202  
                          _GO 007E11                            u10 005C                            u11 0058  
                          u20 0074                            u21 0070                            u30 0084  
                          u31 0080                            u40 0094                            u41 0090  
                          u50 00AC                            u51 00A8                            u60 00BC  
                          u61 00B8                            u70 00CA                            u71 00C6  
                          u80 00E2                            u81 00DE                            u90 00F2  
                          u91 00EE                            bsr 000FE0                  __CFG_CP0$OFF 000000  
                __CFG_CP1$OFF 000000                  __CFG_CP2$OFF 000000                  __CFG_CP3$OFF 000000  
                         l101 0238                           l105 0286                           l114 02DC  
                         l140 046E                           l132 03B6                           l124 0348  
                         l117 035E                           l109 02A6                           l142 0422  
                         l151 04A6                           l119 0312                           l160 04FC  
                         l128 0396                           l137 03EC                           l170 0568  
                         l163 057E                           l155 04C6                           l147 0458  
                         l237 05DE                           l165 0532                           l178 05EE  
                         l921 05B6                           l913 059E                           l931 05C0  
                         l923 05B8                           l915 05AA                           l941 05CA  
                         l933 05C2                           l925 05BA                           l917 05B2  
                         l951 05DC                           l943 05CC                           l935 05C4  
                         l927 05BC                           l919 05B4                           l945 05CE  
                         l937 05C6                           l929 05BE                           l961 0084  
                         l953 002A                           l947 05D0                           l939 05C8  
                         l971 00CA                           l963 0094                           l955 002E  
                         l949 05DA                           l981 0108                           l973 00D2  
                         l965 009C                           l957 005C                           l983 0118  
                         l975 00E2                           l967 00AC                           l959 0074  
                         l991 0156                           l993 016C                           l995 0184  
                         l987 0136                           l979 0100                           l997 0194  
                         l989 013E                           l999 01A4                  __CFG_CPB$OFF 000000  
                         _RB0 007C08                           _RB1 007C09                           _RB2 007C0A  
                         _RB3 007C0B                           _RB4 007C0C                           u100 0100  
                         u101 00FC                           u110 0118                           u111 0114  
                         u200 01DA                           u120 0128                           u201 01D6  
                         u121 0124                           u210 01F2                           u130 0136  
                         u211 01EE                           u131 0132                           u300 02B4  
                         u220 0202                           u140 016C                           u301 02B0  
                         u221 01FE                           u141 0168                           u310 02CC  
                         u230 0210                           u150 0184                           u311 02C8  
                         u231 020C                           u151 0180                           u400 038C  
                         u320 02DC                           u240 0228                           u160 0194  
                         u401 0388                           u321 02D8                           u241 0224  
                         u161 0190                           u410 03A4                           u330 02EA  
                         u250 0238                           u170 01A4                           u411 03A0  
                         u331 02E6                           u251 0234                           u171 01A0  
                         u500 0448                           u420 03B4                           u340 0302  
                         u260 0246                           u180 01BC                           u501 0444  
                         u421 03B0                           u341 02FE                           u261 0242  
                         u181 01B8                           u510 0458                           u430 03C4  
                         u350 0312                           u270 027C                           u190 01CC  
                         u511 0454                           u431 03C0                           u351 030E  
                         u271 0278                           u191 01C8                           u600 0522  
                         u520 0466                           u440 03DC                           u360 0320  
                         u280 0294                           u601 051E                           u521 0462  
                         u441 03D8                           u361 031C                           u281 0290  
                         u610 0532                           u530 049C                           u450 03EC  
                         u370 0338                           u290 02A4                  __CFG_CPD$OFF 000000  
                         u611 052E                           u531 0498                           u451 03E8  
                         u371 0334                           u291 02A0                           u620 0540  
                         u540 04B4                           u460 03FA                           u380 0348  
                         u621 053C                           u541 04B0                           u461 03F6  
                         u381 0344                           u630 0558                           u550 04C4  
                         u470 0412                           u390 0356                           u631 0554  
                         u551 04C0                           u471 040E                           u391 0352  
                         u640 0568                           u560 04D4                           u480 0422  
                         u641 0564                           u561 04D0                           u481 041E  
                         u650 0576                           u570 04EC                           u490 0430  
                         u707 0588                           u651 0572                           u571 04E8  
                         u491 042C                           u580 04FC                           i2l5 05EA  
                         u581 04F8                           u590 050A                           u591 0506  
                         u667 0148                           u677 0258                           u687 0368  
                         u697 0478                  __CFG_BORV$18 000000                           wreg 000FE8  
                __CFG_LVP$OFF 000000                          l1001 01AC                          l1011 01F2  
                        l1003 01BC                          l1101 049C                          l1111 04EC  
                        l1103 04B4                          l1031 0294                          l1023 0246  
                        l1015 0210                          l1007 01DA                          l1105 04C4  
                        l1033 02A4                          l1017 0218                          l1009 01E2  
                        l1025 024E                          l1131 0576                          l1123 0540  
                        l1115 050A                          l1107 04D4                          l1051 0320  
                        l1043 02EA                          l1035 02B4                          l1019 0228  
                        l1027 0266                          l1125 0548                          l1117 0512  
                        l1133 057E                          l1109 04DC                          l1053 0328  
                        l1045 02F2                          l1061 035E                          l1037 02BC  
                        l1029 027C                          l1127 0558                          l1119 0522  
                        l1071 03C4                          l1055 0338                          l1047 0302  
                        l1039 02CC                          l1063 0376                          l1081 0402  
                        l1073 03CC                          l1065 038C                          l1091 0448  
                        l1083 0412                          l1075 03DC                          l1067 03A4  
                        l1059 0356                          l1069 03B4                          l1095 0466  
                        l1087 0430                          l1079 03FA                          l1089 0438  
                        l1097 046E                          l1099 0486                          _ADFM 007E07  
                        _ADON 007E10                          _CHS0 007E12                          _CHS1 007E13  
                        _CHS2 007E14                          _CHS3 007E15                          _ANS8 007BF8  
                        _ANS9 007BF9                          _BRGH 007D62                          i1l10 001E  
                        _SPEN 007D5F                          _TXIF 007CF4                          _TXEN 007D65  
                        _SYNC 007D64                          _main 002A                          btemp 0009  
                        start 0026                 __CFG_IESO$OFF 000000                 __CFG_MCLRE$ON 000000  
                ___param_bank 000000               __end_of_InitApp 05E0                         _ADCS0 007E00  
                       _ADCS1 007E01                         _ADCS2 007E02                         ?_main 0006  
                       _ACQT0 007E03                         _ACQT1 007E04                         _ACQT2 007E05  
                       _ANS10 007BFA                         _ANS11 007BFB                         _ANS12 007BFC  
                       _BRG16 007DC3                         _IRCF0 007E9C                         _IRCF1 007E9D  
                       _IRCF2 007E9E                         _VCFG0 007E0C                         _VCFG1 007E0D  
                       _SPBRG 000FAF                         _TRISB 000F93                         _TRISC 000F94  
                       _TRISD 000F95                         _TXREG 000FAD           _ConfigureOscillator 05EE  
               __CFG_PWRT$OFF 000000                 __CFG_WRT0$OFF 000000                 __CFG_WRT1$OFF 000000  
               __CFG_WRT2$OFF 000000                 __CFG_WRT3$OFF 000000                __CFG_EBTR0$OFF 000000  
              __CFG_FCMEN$OFF 000000                __CFG_EBTR1$OFF 000000                __CFG_EBTR2$OFF 000000  
              __CFG_EBTR3$OFF 000000                 __CFG_WRTB$OFF 000000                 __CFG_WRTC$OFF 000000  
               __CFG_WRTD$OFF 000000                __CFG_EBTRB$OFF 000000               __end_of_low_isr 0026  
                       ttemp5 000A                         ttemp6 000D                         ttemp7 0011  
                       status 000FD8                         wtemp8 000A                __CFG_HFOFST$ON 000000  
              __CFG_PBADEN$ON 000000          ?_ConfigureOscillator 0006               __initialization 05E0  
                __end_of_main 059E                        ??_main 0007                 __activetblptr 000000  
                      _ADRESH 000FC4                __CFG_WDTEN$OFF 000000                        _SPBRGH 000FB0  
                   ??_InitApp 0007         ??_ConfigureOscillator 0007                __CFG_XINST$OFF 000000  
            __end_of_high_isr 05EE                __CFG_STVREN$ON 000000                     ??_low_isr 0006  
                  __accesstop 0060       __end_of__initialization 05E0                 ___rparam_used 000001  
              __pcstackCOMRAM 0006                    __pnvCOMRAM 0001                     ?_high_isr 0006  
                     _InitApp 059E                       __Hparam 0000                       __Lparam 0000  
                     __pcinit 05E0                       __ramtop 0600                       __ptext0 002A  
                     __ptext1 059E                       __ptext2 05EE                       _low_isr 0018  
                  ??_high_isr 0006                __pintcode_body 05EA          end_of_initialization 05E0  
                _finger1_prev 0005                  _finger2_prev 0004                  _finger3_prev 0003  
                _finger4_prev 0002                  _finger5_prev 0001                       int_func 05EA  
 __end_of_ConfigureOscillator 05F0           start_initialization 05E0              __CFG_LPT1OSC$OFF 000000  
           __size_of_high_isr 05E6                      ?_InitApp 0006             __CFG_CCP2MX$PORTC 000000  
                   __pintcode 0008                   __pintcodelo 0018                      ?_low_isr 0006  
            __CFG_WDTPS$32768 000000              __size_of_InitApp 0042                      __Hrparam 0000  
                    __Lrparam 0000            __CFG_BOREN$SBORDIS 000000              __size_of_low_isr 000E  
                    _high_isr 0008                 __size_of_main 0574  __size_of_ConfigureOscillator 0002  
                    int$flags 0009                      intlevel1 0000                      intlevel2 0000  
           __CFG_FOSC$INTIO67 000000  
